<?xml version="1.0" encoding="UTF-8"?>
<!-- Generated by org.testng.reporters.JUnitReportReporter -->
<testsuite skipped="0" hostname="DESKTOP-RRMLKMT" name="gitPackage.TestClass" tests="1" failures="0" timestamp="2020-07-23T12:03:57 IST" time="0.030" errors="0">
  <testcase name="test" time="0.030" classname="gitPackage.TestClass"/>
</testsuite> <!-- gitPackage.TestClass -->
