<?xml version="1.0" encoding="UTF-8"?>
<!-- Generated by org.testng.reporters.JUnitReportReporter -->
<testsuite skipped="0" hostname="DESKTOP-RRMLKMT" name="TestClass" tests="1" failures="0" timestamp="2020-07-23T11:36:43 IST" time="0.108" errors="0">
  <testcase name="test" time="0.108" classname="TestClass"/>
  <system-out/>
</testsuite> <!-- TestClass -->
